[debug] [2024-02-11T09:20:45.700Z] ----------------------------------------------------------------------
[debug] [2024-02-11T09:20:45.702Z] Command:       C:\Program Files\nodejs\node.exe C:\Users\swami\AppData\Roaming\npm\node_modules\firebase-tools\lib\bin\firebase.js init
[debug] [2024-02-11T09:20:45.702Z] CLI Version:   13.2.1
[debug] [2024-02-11T09:20:45.702Z] Platform:      win32
[debug] [2024-02-11T09:20:45.703Z] Node Version:  v20.11.0
[debug] [2024-02-11T09:20:45.703Z] Time:          Sun Feb 11 2024 14:50:45 GMT+0530 (India Standard Time)
[debug] [2024-02-11T09:20:45.703Z] ----------------------------------------------------------------------
[debug] 
[debug] [2024-02-11T09:20:45.708Z] > command requires scopes: ["email","openid","https://www.googleapis.com/auth/cloudplatformprojects.readonly","https://www.googleapis.com/auth/firebase","https://www.googleapis.com/auth/cloud-platform"]
[debug] [2024-02-11T09:20:45.709Z] > authorizing via signed-in user (swamiatharva5678@gmail.com)
[info] 
     ######## #### ########  ######## ########     ###     ######  ########
     ##        ##  ##     ## ##       ##     ##  ##   ##  ##       ##
     ######    ##  ########  ######   ########  #########  ######  ######
     ##        ##  ##    ##  ##       ##     ## ##     ##       ## ##
     ##       #### ##     ## ######## ########  ##     ##  ######  ########

You're about to initialize a Firebase project in this directory:

  D:\project work\react\netfliz

[debug] [2024-02-11T09:20:54.425Z] Error: Timed out.
    at Timeout._onTimeout (C:\Users\swami\AppData\Roaming\npm\node_modules\firebase-tools\lib\utils.js:258:49)
    at listOnTimeout (node:internal/timers:573:17)
    at process.processTimers (node:internal/timers:514:7)
[error] 
[error] Error: An unexpected error has occurred.
[debug] [2024-02-11T09:20:59.374Z] ----------------------------------------------------------------------
[debug] [2024-02-11T09:20:59.377Z] Command:       C:\Program Files\nodejs\node.exe C:\Users\swami\AppData\Roaming\npm\node_modules\firebase-tools\lib\bin\firebase.js init
[debug] [2024-02-11T09:20:59.377Z] CLI Version:   13.2.1
[debug] [2024-02-11T09:20:59.378Z] Platform:      win32
[debug] [2024-02-11T09:20:59.378Z] Node Version:  v20.11.0
[debug] [2024-02-11T09:20:59.378Z] Time:          Sun Feb 11 2024 14:50:59 GMT+0530 (India Standard Time)
[debug] [2024-02-11T09:20:59.378Z] ----------------------------------------------------------------------
[debug] 
[debug] [2024-02-11T09:20:59.384Z] > command requires scopes: ["email","openid","https://www.googleapis.com/auth/cloudplatformprojects.readonly","https://www.googleapis.com/auth/firebase","https://www.googleapis.com/auth/cloud-platform"]
[debug] [2024-02-11T09:20:59.384Z] > authorizing via signed-in user (swamiatharva5678@gmail.com)
[info] 
     ######## #### ########  ######## ########     ###     ######  ########
     ##        ##  ##     ## ##       ##     ##  ##   ##  ##       ##
     ######    ##  ########  ######   ########  #########  ######  ######
     ##        ##  ##    ##  ##       ##     ## ##     ##       ## ##
     ##       #### ##     ## ######## ########  ##     ##  ######  ########

You're about to initialize a Firebase project in this directory:

  D:\project work\react\netfliz

