[debug] [2024-02-11T09:18:40.222Z] ----------------------------------------------------------------------
[debug] [2024-02-11T09:18:40.224Z] Command:       C:\Program Files\nodejs\node.exe C:\Users\swami\AppData\Roaming\npm\node_modules\firebase-tools\lib\bin\firebase.js init
[debug] [2024-02-11T09:18:40.225Z] CLI Version:   13.2.1
[debug] [2024-02-11T09:18:40.225Z] Platform:      win32
[debug] [2024-02-11T09:18:40.225Z] Node Version:  v20.11.0
[debug] [2024-02-11T09:18:40.225Z] Time:          Sun Feb 11 2024 14:48:40 GMT+0530 (India Standard Time)
[debug] [2024-02-11T09:18:40.225Z] ----------------------------------------------------------------------
[debug] 
[debug] [2024-02-11T09:18:40.230Z] > command requires scopes: ["email","openid","https://www.googleapis.com/auth/cloudplatformprojects.readonly","https://www.googleapis.com/auth/firebase","https://www.googleapis.com/auth/cloud-platform"]
[debug] [2024-02-11T09:18:40.231Z] > authorizing via signed-in user (swamiatharva5678@gmail.com)
[info] 
     ######## #### ########  ######## ########     ###     ######  ########
     ##        ##  ##     ## ##       ##     ##  ##   ##  ##       ##
     ######    ##  ########  ######   ########  #########  ######  ######
     ##        ##  ##    ##  ##       ##     ## ##     ##       ## ##
     ##       #### ##     ## ######## ########  ##     ##  ######  ########

You're about to initialize a Firebase project in this directory:

  D:\project work\react\netfliz

[info] 
=== Project Setup
[info] 
[info] First, let's associate this project directory with a Firebase project.
[info] You can create multiple project aliases by running firebase use --add, 
[info] but for now we'll just set up a default project.
[info] 
[debug] [2024-02-11T09:19:21.671Z] > refreshing access token with scopes: []
[debug] [2024-02-11T09:19:21.673Z] >>> [apiv2][query] POST https://www.googleapis.com/oauth2/v3/token [none]
[debug] [2024-02-11T09:19:21.673Z] >>> [apiv2][body] POST https://www.googleapis.com/oauth2/v3/token [omitted]
[debug] [2024-02-11T09:19:42.236Z] *** [apiv2] error from fetch(https://www.googleapis.com/oauth2/v3/token, {"headers":{},"method":"POST","body":{"_overheadLength":545,"_valueLength":212,"_valuesToMeasure":[],"writable":false,"readable":true,"dataSize":0,"maxDataSize":2097152,"pauseStreams":true,"_released":true,"_streams":[],"_currentStream":null,"_insideLoop":false,"_pendingNext":false,"_boundary":"--------------------------343267762822400097926830","_events":{},"_eventsCount":1}}): FetchError: request to https://www.googleapis.com/oauth2/v3/token failed, reason: socket hang up
[debug] [2024-02-11T09:19:42.237Z] Authentication Error: Your credentials are no longer valid. Please run firebase login --reauth

For CI servers and headless environments, generate a new token with firebase login:ci
[debug] [2024-02-11T09:19:47.251Z] Error: Timed out.
    at Timeout._onTimeout (C:\Users\swami\AppData\Roaming\npm\node_modules\firebase-tools\lib\utils.js:258:49)
    at listOnTimeout (node:internal/timers:573:17)
    at process.processTimers (node:internal/timers:514:7)
[error] 
[error] Error: An unexpected error has occurred.
